<?xml version="1.0" encoding="UTF-8"?>
<!-- Generated by org.testng.reporters.JUnitReportReporter -->
<testsuite skipped="0" hostname="PUNHJW119234L" name="GeneralTest.Demo" tests="1" failures="0" timestamp="20 Mar 2021 13:48:40 GMT" time="4.951" errors="0">
  <testcase name="getMethod" time="4.951" classname="GeneralTest.Demo"/>
</testsuite> <!-- GeneralTest.Demo -->
