<?xml version="1.0" encoding="UTF-8"?>
<!-- Generated by org.testng.reporters.JUnitReportReporter -->
<testsuite skipped="0" hostname="PUNHJW119234L" name="GeneralTest.Postpojo" tests="1" failures="0" timestamp="28 Feb 2021 15:11:45 GMT" time="3.668" errors="0">
  <testcase name="postpojo" time="3.668" classname="GeneralTest.Postpojo"/>
</testsuite> <!-- GeneralTest.Postpojo -->
